AndroidStudioGallery-master/app/build/outputs/logs/manifest-merger-debug-report.txt
-- Merging decision tree log ---
manifest
ADDED from src\main\AndroidManifest.xml:2:1-254:12
	package
		ADDED from src\main\AndroidManifest.xml:4:5-31
		INJECTED from src\main\AndroidManifest.xml
		INJECTED from src\main\AndroidManifest.xml
	android:versionName
		ADDED from src\main\AndroidManifest.xml:6:5-32
		INJECTED from src\main\AndroidManifest.xml
		INJECTED from src\main\AndroidManifest.xml
	xmlns:tools
		ADDED from src\main\AndroidManifest.xml:3:5-51
	android:versionCode
		ADDED from src\main\AndroidManifest.xml:5:5-35
		INJECTED from src\main\AndroidManifest.xml
		INJECTED from src\main\AndroidManifest.xml
	xmlns:android
		ADDED from src\main\AndroidManifest.xml:2:11-69
uses-sdk
ADDED from src\main\AndroidManifest.xml:8:5-11:39
MERGED from [AndroidStudioGallery-master:openwrapper:unspecified] AndroidManifest.xml:7:5-9:41
MERGED from [AndroidStudioGallery-master:opencdk:unspecified] AndroidManifest.xml:7:5-9:41
MERGED from [com.android.support:recyclerview-v7:21.0.3] AndroidManifest.xml:15:5-42
MERGED from [AndroidStudioGallery-master:tpumeng:unspecified] AndroidManifest.xml:7:5-9:41
MERGED from [com.android.support:appcompat-v7:21.0.3] AndroidManifest.xml:15:5-42
MERGED from [com.android.support:support-v4:21.0.3] AndroidManifest.xml:15:5-42
	android:targetSdkVersion
		ADDED from src\main\AndroidManifest.xml:10:9-38
		INJECTED from src\main\AndroidManifest.xml
		INJECTED from src\main\AndroidManifest.xml
	tools:ignore
		ADDED from src\main\AndroidManifest.xml:11:9-36
	android:minSdkVersion
		ADDED from src\main\AndroidManifest.xml:9:9-34
		INJECTED from src\main\AndroidManifest.xml
		INJECTED from src\main\AndroidManifest.xml
supports-screens
ADDED from src\main\AndroidManifest.xml:13:5-18:40
	android:largeScreens
		ADDED from src\main\AndroidManifest.xml:15:9-36
	android:smallScreens
		ADDED from src\main\AndroidManifest.xml:17:9-36
	android:normalScreens
		ADDED from src\main\AndroidManifest.xml:16:9-37
	android:xlargeScreens
		ADDED from src\main\AndroidManifest.xml:18:9-37
	android:anyDensity
		ADDED from src\main\AndroidManifest.xml:14:9-34
uses-permission#android.permission.INTERNET
ADDED from src\main\AndroidManifest.xml:21:5-67
	android:name
		ADDED from src\main\AndroidManifest.xml:21:22-64
uses-permission#android.permission.WRITE_EXTERNAL_STORAGE
ADDED from src\main\AndroidManifest.xml:23:5-81
	android:name
		ADDED from src\main\AndroidManifest.xml:23:22-78
uses-permission#android.permission.ACCESS_WIFI_STATE
ADDED from src\main\AndroidManifest.xml:26:5-76
	android:name
		ADDED from src\main\AndroidManifest.xml:26:22-73
uses-permission#android.permission.ACCESS_NETWORK_STATE
ADDED from src\main\AndroidManifest.xml:27:5-79
	android:name
		ADDED from src\main\AndroidManifest.xml:27:22-76
uses-permission#android.permission.SET_WALLPAPER
ADDED from src\main\AndroidManifest.xml:30:5-72
	android:name
		ADDED from src\main\AndroidManifest.xml:30:22-69
uses-permission#android.permission.SET_WALLPAPER_HINTS
ADDED from src\main\AndroidManifest.xml:31:5-78
	android:name
		ADDED from src\main\AndroidManifest.xml:31:22-75
uses-permission#android.permission.CHANGE_CONFIGURATION
ADDED from src\main\AndroidManifest.xml:34:5-79
	android:name
		ADDED from src\main\AndroidManifest.xml:34:22-76
uses-permission#android.permission.READ_PHONE_STATE
ADDED from src\main\AndroidManifest.xml:41:5-74
	android:name
		ADDED from src\main\AndroidManifest.xml:41:22-72
uses-permission#android.permission.SYSTEM_ALERT_WINDOW
ADDED from src\main\AndroidManifest.xml:42:5-77
	android:name
		ADDED from src\main\AndroidManifest.xml:42:22-75
uses-permission#android.permission.GET_TASKS
ADDED from src\main\AndroidManifest.xml:43:5-67
	android:name
		ADDED from src\main\AndroidManifest.xml:43:22-65
uses-permission#com.android.launcher.permission.INSTALL_SHORTCUT
ADDED from src\main\AndroidManifest.xml:45:5-87
	android:name
		ADDED from src\main\AndroidManifest.xml:45:22-85
permission#com.wo2b.permission.SYSTEM_SERVICE
ADDED from src\main\AndroidManifest.xml:48:5-69
	android:name
		ADDED from src\main\AndroidManifest.xml:48:17-66
application
ADDED from src\main\AndroidManifest.xml:50:5-252:15
MERGED from [com.android.support:recyclerview-v7:21.0.3] AndroidManifest.xml:17:5-19:19
MERGED from [com.android.support:appcompat-v7:21.0.3] AndroidManifest.xml:16:5-19
MERGED from [com.android.support:support-v4:21.0.3] AndroidManifest.xml:16:5-19
	android:label
		ADDED from src\main\AndroidManifest.xml:54:9-41
	android:allowBackup
		ADDED from src\main\AndroidManifest.xml:52:9-35
	android:icon
		ADDED from src\main\AndroidManifest.xml:53:9-45
	android:theme
		ADDED from src\main\AndroidManifest.xml:55:9-54
	android:name
		ADDED from src\main\AndroidManifest.xml:51:9-60
activity#com.wo2b.gallery.ui.global.SplashActivity
ADDED from src\main\AndroidManifest.xml:58:9-68:20
	android:screenOrientation
		ADDED from src\main\AndroidManifest.xml:61:13-49
	android:configChanges
		ADDED from src\main\AndroidManifest.xml:60:13-63
	android:theme
		ADDED from src\main\AndroidManifest.xml:62:13-64
	android:name
		ADDED from src\main\AndroidManifest.xml:59:13-69
intent-filter#android.intent.action.MAIN+android.intent.category.LAUNCHER
ADDED from src\main\AndroidManifest.xml:63:13-67:29
action#android.intent.action.MAIN
ADDED from src\main\AndroidManifest.xml:64:17-69
	android:name
		ADDED from src\main\AndroidManifest.xml:64:25-66
category#android.intent.category.LAUNCHER
ADDED from src\main\AndroidManifest.xml:66:17-77
	android:name
		ADDED from src\main\AndroidManifest.xml:66:27-74
activity#com.wo2b.gallery.ui.global.HomeActivity
ADDED from src\main\AndroidManifest.xml:71:9-73:48
	android:label
		ADDED from src\main\AndroidManifest.xml:73:13-45
	android:name
		ADDED from src\main\AndroidManifest.xml:72:13-67
activity#com.wo2b.gallery.ui.global.SearchActivity
ADDED from src\main\AndroidManifest.xml:74:9-78
	android:name
		ADDED from src\main\AndroidManifest.xml:74:19-75
activity#com.wo2b.gallery.ui.global.WelcomeActivity
ADDED from src\main\AndroidManifest.xml:75:9-79
	android:name
		ADDED from src\main\AndroidManifest.xml:75:19-76
service#com.wo2b.gallery.global.GInitService
ADDED from src\main\AndroidManifest.xml:78:9-84:19
	android:permission
		ADDED from src\main\AndroidManifest.xml:80:13-68
	android:name
		ADDED from src\main\AndroidManifest.xml:79:13-64
intent-filter#com.wo2b.app.INIT_SERVICE
ADDED from src\main\AndroidManifest.xml:81:13-83:29
action#com.wo2b.app.INIT_SERVICE
ADDED from src\main\AndroidManifest.xml:82:17-68
	android:name
		ADDED from src\main\AndroidManifest.xml:82:25-65
activity#com.wo2b.gallery.ui.image.ImageGridActivity
ADDED from src\main\AndroidManifest.xml:92:9-94:86
	android:configChanges
		ADDED from src\main\AndroidManifest.xml:94:13-83
	android:name
		ADDED from src\main\AndroidManifest.xml:93:13-71
activity#com.wo2b.gallery.ui.image.ImageViewerActivity
ADDED from src\main\AndroidManifest.xml:95:9-98:72
	android:configChanges
		ADDED from src\main\AndroidManifest.xml:97:13-74
	android:theme
		ADDED from src\main\AndroidManifest.xml:98:13-69
	android:name
		ADDED from src\main\AndroidManifest.xml:96:13-73
activity#com.wo2b.gallery.ui.image.WallpaperDisposeActivity
ADDED from src\main\AndroidManifest.xml:101:9-87
	android:name
		ADDED from src\main\AndroidManifest.xml:101:19-84
activity#com.wo2b.gallery.ui.uc.MyFavoritesActivity
ADDED from src\main\AndroidManifest.xml:106:9-79
	android:name
		ADDED from src\main\AndroidManifest.xml:106:19-76
activity#com.wo2b.gallery.ui.uc.PersonalTailorActivity
ADDED from src\main\AndroidManifest.xml:107:9-82
	android:name
		ADDED from src\main\AndroidManifest.xml:107:19-79
activity#com.wo2b.gallery.ui.settings.SettingsActivity
ADDED from src\main\AndroidManifest.xml:111:9-82
	android:name
		ADDED from src\main\AndroidManifest.xml:111:19-79
activity#com.wo2b.gallery.ui.settings.SuperPowerActivity
ADDED from src\main\AndroidManifest.xml:112:9-84
	android:name
		ADDED from src\main\AndroidManifest.xml:112:19-81
activity#com.wo2b.gallery.ui.settings.TrafficStatisticsActivity
ADDED from src\main\AndroidManifest.xml:113:9-91
	android:name
		ADDED from src\main\AndroidManifest.xml:113:19-88
activity#com.wo2b.gallery.ui.settings.StorageManagerActivity
ADDED from src\main\AndroidManifest.xml:114:9-88
	android:name
		ADDED from src\main\AndroidManifest.xml:114:19-85
activity#com.wo2b.gallery.ui.settings.PluginCenterActivity
ADDED from src\main\AndroidManifest.xml:115:9-86
	android:name
		ADDED from src\main\AndroidManifest.xml:115:19-83
activity#com.wo2b.gallery.ui.settings.AboutActivity
ADDED from src\main\AndroidManifest.xml:116:9-79
	android:name
		ADDED from src\main\AndroidManifest.xml:116:19-76
activity#com.wo2b.gallery.ui.settings.LockViewActivity
ADDED from src\main\AndroidManifest.xml:117:9-125:20
	android:exported
		ADDED from src\main\AndroidManifest.xml:120:4-28
	android:windowSoftInputMode
		ADDED from src\main\AndroidManifest.xml:119:4-51
	android:name
		ADDED from src\main\AndroidManifest.xml:118:13-73
intent-filter#com.wo2b.action.lock_decode+com.wo2b.action.lock_encode
ADDED from src\main\AndroidManifest.xml:121:13-124:29
action#com.wo2b.action.lock_decode
ADDED from src\main\AndroidManifest.xml:122:17-70
	android:name
		ADDED from src\main\AndroidManifest.xml:122:25-67
action#com.wo2b.action.lock_encode
ADDED from src\main\AndroidManifest.xml:123:17-70
	android:name
		ADDED from src\main\AndroidManifest.xml:123:25-67
activity#com.wo2b.gallery.ui.localalbum.LocalAlbumActivity
ADDED from src\main\AndroidManifest.xml:130:9-131:80
	android:name
		ADDED from src\main\AndroidManifest.xml:131:13-77
activity#com.wo2b.gallery.ui.localalbum.LocalImageGridActivity
ADDED from src\main\AndroidManifest.xml:132:9-133:84
	android:name
		ADDED from src\main\AndroidManifest.xml:133:13-81
activity#com.wo2b.gallery.ui.localalbum.LocalAlbumFocusListActivity
ADDED from src\main\AndroidManifest.xml:134:9-135:89
	android:name
		ADDED from src\main\AndroidManifest.xml:135:13-86
activity#com.wo2b.gallery.ui.fileexplorer.FileExplorerActivity
ADDED from src\main\AndroidManifest.xml:140:9-141:84
	android:name
		ADDED from src\main\AndroidManifest.xml:141:13-81
activity#com.wo2b.gallery.ui.fileexplorer.SetRootFolderActivity
ADDED from src\main\AndroidManifest.xml:142:9-143:85
	android:name
		ADDED from src\main\AndroidManifest.xml:143:13-82
activity#com.wo2b.gallery.ui.fileexplorer.FileExplorerSettingsActivity
ADDED from src\main\AndroidManifest.xml:144:9-145:92
	android:name
		ADDED from src\main\AndroidManifest.xml:145:13-89
activity#com.wo2b.gallery.ui.extra.NoTitleActivity
ADDED from src\main\AndroidManifest.xml:149:9-78
	android:name
		ADDED from src\main\AndroidManifest.xml:149:19-75
activity#com.wo2b.gallery.ui.temp.articles.ArticleReaderActivity
ADDED from src\main\AndroidManifest.xml:166:9-92
	android:name
		ADDED from src\main\AndroidManifest.xml:166:19-89
meta-data#UMENG_APPKEY
ADDED from src\main\AndroidManifest.xml:171:6-174:18
	android:value
		ADDED from src\main\AndroidManifest.xml:173:10-50
	android:name
		ADDED from src\main\AndroidManifest.xml:172:10-37
meta-data#UMENG_CHANNEL
ADDED from src\main\AndroidManifest.xml:176:6-179:18
	android:value
		ADDED from src\main\AndroidManifest.xml:178:10-30
	android:name
		ADDED from src\main\AndroidManifest.xml:177:10-38
activity#com.umeng.update.UpdateDialogActivity
ADDED from src\main\AndroidManifest.xml:182:3-185:14
	android:theme
		ADDED from src\main\AndroidManifest.xml:184:7-66
	android:name
		ADDED from src\main\AndroidManifest.xml:183:7-59
service#com.umeng.update.net.DownloadingService
ADDED from src\main\AndroidManifest.xml:186:3-189:19
	android:process
		ADDED from src\main\AndroidManifest.xml:188:13-50
	android:name
		ADDED from src\main\AndroidManifest.xml:187:13-67
activity#com.umeng.fb.ConversationActivity
ADDED from src\main\AndroidManifest.xml:193:6-194:67
	android:theme
		ADDED from src\main\AndroidManifest.xml:194:4-65
	android:name
		ADDED from src\main\AndroidManifest.xml:193:16-64
activity#com.umeng.fb.ContactActivity
ADDED from src\main\AndroidManifest.xml:195:6-196:68
	android:theme
		ADDED from src\main\AndroidManifest.xml:196:4-65
	android:name
		ADDED from src\main\AndroidManifest.xml:195:16-59
activity#com.wo2b.wrapper.component.user.UserActivity
ADDED from src\main\AndroidManifest.xml:209:9-217:20
	android:theme
		ADDED from src\main\AndroidManifest.xml:211:13-58
	android:name
		ADDED from src\main\AndroidManifest.xml:210:13-72
intent-filter#android.intent.category.DEFAULT+com.wo2b.user.LOGIN
ADDED from src\main\AndroidManifest.xml:212:13-216:29
action#com.wo2b.user.LOGIN
ADDED from src\main\AndroidManifest.xml:213:17-62
	android:name
		ADDED from src\main\AndroidManifest.xml:213:25-59
category#android.intent.category.DEFAULT
ADDED from src\main\AndroidManifest.xml:215:17-76
	android:name
		ADDED from src\main\AndroidManifest.xml:215:27-73
activity#com.wo2b.wrapper.component.user.UserRegisterActivity
ADDED from src\main\AndroidManifest.xml:219:9-89
	android:name
		ADDED from src\main\AndroidManifest.xml:219:19-86
activity#com.wo2b.wrapper.component.user.UserGradeListActivity
ADDED from src\main\AndroidManifest.xml:220:9-90
	android:name
		ADDED from src\main\AndroidManifest.xml:220:19-87
activity#com.wo2b.wrapper.component.common.CommentActivity
ADDED from src\main\AndroidManifest.xml:221:9-86
	android:name
		ADDED from src\main\AndroidManifest.xml:221:19-83
activity#com.wo2b.wrapper.component.common.Wo2bAppListActivity
ADDED from src\main\AndroidManifest.xml:222:9-90
	android:name
		ADDED from src\main\AndroidManifest.xml:222:19-87
activity#com.wo2b.wrapper.component.image.ImageAutoPlayActivity
ADDED from src\main\AndroidManifest.xml:223:9-226:72
	android:configChanges
		ADDED from src\main\AndroidManifest.xml:225:13-74
	android:theme
		ADDED from src\main\AndroidManifest.xml:226:13-69
	android:name
		ADDED from src\main\AndroidManifest.xml:224:13-82
activity#com.wo2b.wrapper.component.image.CropperActivity
ADDED from src\main\AndroidManifest.xml:227:9-229:77
	android:configChanges
		ADDED from src\main\AndroidManifest.xml:229:13-74
	android:name
		ADDED from src\main\AndroidManifest.xml:228:13-76
activity#com.wo2b.wrapper.component.common.Wo2bHomeActivity
ADDED from src\main\AndroidManifest.xml:231:3-81
	android:name
		ADDED from src\main\AndroidManifest.xml:231:13-78
activity#com.wo2b.wrapper.component.common.DeveloperHomeActivity
ADDED from src\main\AndroidManifest.xml:232:3-86
	android:name
		ADDED from src\main\AndroidManifest.xml:232:13-83
activity#com.wo2b.wrapper.component.common.StatementActivity
ADDED from src\main\AndroidManifest.xml:233:3-82
	android:name
		ADDED from src\main\AndroidManifest.xml:233:13-79
activity#com.wo2b.wrapper.app.BrowserFragmentActivity
ADDED from src\main\AndroidManifest.xml:236:9-238:50
	android:hardwareAccelerated
		ADDED from src\main\AndroidManifest.xml:238:13-47
	android:name
		ADDED from src\main\AndroidManifest.xml:237:13-72
service#com.wo2b.wrapper.app.service.DaemonService
ADDED from src\main\AndroidManifest.xml:240:9-86
	android:name
		ADDED from src\main\AndroidManifest.xml:240:18-75
service#com.opencdk.common.download.DownloadService
ADDED from src\main\AndroidManifest.xml:243:9-249:19
	android:exported
		ADDED from src\main\AndroidManifest.xml:245:13-37
	android:name
		ADDED from src\main\AndroidManifest.xml:244:13-71
intent-filter#com.opencdk.DOWNLOAD
ADDED from src\main\AndroidManifest.xml:246:13-248:29
action#com.opencdk.DOWNLOAD
ADDED from src\main\AndroidManifest.xml:247:17-63
	android:name
		ADDED from src\main\AndroidManifest.xml:247:25-60
activity#android.support.v7.widget.TestActivity
ADDED from [com.android.support:recyclerview-v7:21.0.3] AndroidManifest.xml:18:9-115
	android:label
		ADDED from [com.android.support:recyclerview-v7:21.0.3] AndroidManifest.xml:18:19-59
	android:name
		ADDED from [com.android.support:recyclerview-v7:21.0.3] AndroidManifest.xml:18:60-113